<?xml version="1.0" encoding="UTF-8"?>
<testsuite name="tweetMe.TweetMeApplicationTests" tests="1" skipped="0" failures="0" errors="0" timestamp="2016-08-14T18:14:23" hostname="Wills-MacBook-Pro-2.local" time="0.013">
  <properties/>
  <testcase name="contextLoads" classname="tweetMe.TweetMeApplicationTests" time="0.013"/>
  <system-out><![CDATA[14:14:20.294 [Test worker] DEBUG org.springframework.test.context.junit4.SpringJUnit4ClassRunner - SpringJUnit4ClassRunner constructor called with [class tweetMe.TweetMeApplicationTests]
14:14:20.299 [Test worker] DEBUG org.springframework.test.context.BootstrapUtils - Instantiating CacheAwareContextLoaderDelegate from class [org.springframework.test.context.cache.DefaultCacheAwareContextLoaderDelegate]
14:14:20.304 [Test worker] DEBUG org.springframework.test.context.BootstrapUtils - Instantiating BootstrapContext using constructor [public org.springframework.test.context.support.DefaultBootstrapContext(java.lang.Class,org.springframework.test.context.CacheAwareContextLoaderDelegate)]
14:14:20.317 [Test worker] DEBUG org.springframework.test.context.BootstrapUtils - Instantiating TestContextBootstrapper for test class [tweetMe.TweetMeApplicationTests] from class [org.springframework.boot.test.context.SpringBootTestContextBootstrapper]
14:14:20.329 [Test worker] INFO org.springframework.boot.test.context.SpringBootTestContextBootstrapper - Neither @ContextConfiguration nor @ContextHierarchy found for test class [tweetMe.TweetMeApplicationTests], using SpringBootContextLoader
14:14:20.332 [Test worker] DEBUG org.springframework.test.context.support.AbstractContextLoader - Did not detect default resource location for test class [tweetMe.TweetMeApplicationTests]: class path resource [tweetMe/TweetMeApplicationTests-context.xml] does not exist
14:14:20.332 [Test worker] DEBUG org.springframework.test.context.support.AbstractContextLoader - Did not detect default resource location for test class [tweetMe.TweetMeApplicationTests]: class path resource [tweetMe/TweetMeApplicationTestsContext.groovy] does not exist
14:14:20.333 [Test worker] INFO org.springframework.test.context.support.AbstractContextLoader - Could not detect default resource locations for test class [tweetMe.TweetMeApplicationTests]: no resource found for suffixes {-context.xml, Context.groovy}.
14:14:20.333 [Test worker] INFO org.springframework.test.context.support.AnnotationConfigContextLoaderUtils - Could not detect default configuration classes for test class [tweetMe.TweetMeApplicationTests]: TweetMeApplicationTests does not declare any static, non-private, non-final, nested classes annotated with @Configuration.
14:14:20.378 [Test worker] DEBUG org.springframework.test.context.support.ActiveProfilesUtils - Could not find an 'annotation declaring class' for annotation type [org.springframework.test.context.ActiveProfiles] and class [tweetMe.TweetMeApplicationTests]
14:14:20.440 [Test worker] DEBUG org.springframework.core.env.StandardEnvironment - Adding [systemProperties] PropertySource with lowest search precedence
14:14:20.444 [Test worker] DEBUG org.springframework.core.env.StandardEnvironment - Adding [systemEnvironment] PropertySource with lowest search precedence
14:14:20.446 [Test worker] DEBUG org.springframework.core.env.StandardEnvironment - Initialized StandardEnvironment with PropertySources [systemProperties,systemEnvironment]
14:14:20.472 [Test worker] DEBUG org.springframework.core.io.support.PathMatchingResourcePatternResolver - Resolved classpath location [tweetMe/] to resources [URL [file:/Users/sokos6/SD/Java/Workspace/tweetMe/build/classes/test/tweetMe/], URL [file:/Users/sokos6/SD/Java/Workspace/tweetMe/build/classes/main/tweetMe/]]
14:14:20.473 [Test worker] DEBUG org.springframework.core.io.support.PathMatchingResourcePatternResolver - Looking for matching resources in directory tree [/Users/sokos6/SD/Java/Workspace/tweetMe/build/classes/test/tweetMe]
14:14:20.473 [Test worker] DEBUG org.springframework.core.io.support.PathMatchingResourcePatternResolver - Searching directory [/Users/sokos6/SD/Java/Workspace/tweetMe/build/classes/test/tweetMe] for files matching pattern [/Users/sokos6/SD/Java/Workspace/tweetMe/build/classes/test/tweetMe/*.class]
14:14:20.478 [Test worker] DEBUG org.springframework.core.io.support.PathMatchingResourcePatternResolver - Looking for matching resources in directory tree [/Users/sokos6/SD/Java/Workspace/tweetMe/build/classes/main/tweetMe]
14:14:20.479 [Test worker] DEBUG org.springframework.core.io.support.PathMatchingResourcePatternResolver - Searching directory [/Users/sokos6/SD/Java/Workspace/tweetMe/build/classes/main/tweetMe] for files matching pattern [/Users/sokos6/SD/Java/Workspace/tweetMe/build/classes/main/tweetMe/*.class]
14:14:20.480 [Test worker] DEBUG org.springframework.core.io.support.PathMatchingResourcePatternResolver - Resolved location pattern [classpath*:tweetMe/*.class] to resources [file [/Users/sokos6/SD/Java/Workspace/tweetMe/build/classes/test/tweetMe/TweetMeApplicationTests.class], file [/Users/sokos6/SD/Java/Workspace/tweetMe/build/classes/main/tweetMe/TweetMeApplication.class]]
14:14:20.573 [Test worker] DEBUG org.springframework.context.annotation.ClassPathScanningCandidateComponentProvider - Identified candidate component class: file [/Users/sokos6/SD/Java/Workspace/tweetMe/build/classes/main/tweetMe/TweetMeApplication.class]
14:14:20.574 [Test worker] INFO org.springframework.boot.test.context.SpringBootTestContextBootstrapper - Found @SpringBootConfiguration tweetMe.TweetMeApplication for test class tweetMe.TweetMeApplicationTests
14:14:20.587 [Test worker] DEBUG org.springframework.boot.test.context.SpringBootTestContextBootstrapper - @TestExecutionListeners is not present for class [tweetMe.TweetMeApplicationTests]: using defaults.
14:14:20.596 [Test worker] INFO org.springframework.boot.test.context.SpringBootTestContextBootstrapper - Loaded default TestExecutionListener class names from location [META-INF/spring.factories]: [org.springframework.boot.test.mock.mockito.MockitoTestExecutionListener, org.springframework.boot.test.mock.mockito.ResetMocksTestExecutionListener, org.springframework.boot.test.autoconfigure.AutoConfigureReportTestExecutionListener, org.springframework.boot.test.autoconfigure.restdocs.RestDocsTestExecutionListener, org.springframework.boot.test.autoconfigure.web.client.MockRestServiceServerResetTestExecutionListener, org.springframework.test.context.web.ServletTestExecutionListener, org.springframework.test.context.support.DirtiesContextBeforeModesTestExecutionListener, org.springframework.test.context.support.DependencyInjectionTestExecutionListener, org.springframework.test.context.support.DirtiesContextTestExecutionListener, org.springframework.test.context.transaction.TransactionalTestExecutionListener, org.springframework.test.context.jdbc.SqlScriptsTestExecutionListener]
14:14:20.609 [Test worker] INFO org.springframework.boot.test.context.SpringBootTestContextBootstrapper - Could not instantiate TestExecutionListener [org.springframework.test.context.jdbc.SqlScriptsTestExecutionListener]. Specify custom listener classes or make the default listener classes (and their required dependencies) available. Offending class: [org/springframework/transaction/interceptor/TransactionAttribute]
14:14:20.618 [Test worker] INFO org.springframework.boot.test.context.SpringBootTestContextBootstrapper - Could not instantiate TestExecutionListener [org.springframework.test.context.transaction.TransactionalTestExecutionListener]. Specify custom listener classes or make the default listener classes (and their required dependencies) available. Offending class: [org/springframework/transaction/interceptor/TransactionAttributeSource]
14:14:20.619 [Test worker] INFO org.springframework.boot.test.context.SpringBootTestContextBootstrapper - Using TestExecutionListeners: [org.springframework.test.context.web.ServletTestExecutionListener@3b8eebc2, org.springframework.test.context.support.DirtiesContextBeforeModesTestExecutionListener@5f0b68e3, org.springframework.boot.test.autoconfigure.AutoConfigureReportTestExecutionListener@a6e446d, org.springframework.test.context.support.DependencyInjectionTestExecutionListener@131813ad, org.springframework.test.context.support.DirtiesContextTestExecutionListener@5f842af7, org.springframework.boot.test.autoconfigure.web.client.MockRestServiceServerResetTestExecutionListener@5b4c0d94, org.springframework.boot.test.mock.mockito.ResetMocksTestExecutionListener@23f967bc, org.springframework.boot.test.mock.mockito.MockitoTestExecutionListener@702f8d15, org.springframework.boot.test.autoconfigure.restdocs.RestDocsTestExecutionListener@e02d275]
14:14:20.623 [Test worker] DEBUG org.springframework.test.annotation.ProfileValueUtils - Retrieved @ProfileValueSourceConfiguration [null] for test class [tweetMe.TweetMeApplicationTests]
14:14:20.624 [Test worker] DEBUG org.springframework.test.annotation.ProfileValueUtils - Retrieved ProfileValueSource type [class org.springframework.test.annotation.SystemProfileValueSource] for class [tweetMe.TweetMeApplicationTests]
14:14:20.625 [Test worker] DEBUG org.springframework.test.annotation.ProfileValueUtils - Retrieved @ProfileValueSourceConfiguration [null] for test class [tweetMe.TweetMeApplicationTests]
14:14:20.625 [Test worker] DEBUG org.springframework.test.annotation.ProfileValueUtils - Retrieved ProfileValueSource type [class org.springframework.test.annotation.SystemProfileValueSource] for class [tweetMe.TweetMeApplicationTests]
14:14:20.636 [Test worker] DEBUG org.springframework.test.context.support.AbstractDirtiesContextTestExecutionListener - Before test class: context [DefaultTestContext@30cd9312 testClass = TweetMeApplicationTests, testInstance = [null], testMethod = [null], testException = [null], mergedContextConfiguration = [WebMergedContextConfiguration@269fa533 testClass = TweetMeApplicationTests, locations = '{}', classes = '{class tweetMe.TweetMeApplication}', contextInitializerClasses = '[]', activeProfiles = '{}', propertySourceLocations = '{}', propertySourceProperties = '{org.springframework.boot.test.context.SpringBootTestContextBootstrapper=true}', contextCustomizers = set[org.springframework.boot.test.context.SpringBootTestContextCustomizer@630664b, org.springframework.boot.test.context.filter.ExcludeFilterContextCustomizer@3f53fe35, org.springframework.boot.test.mock.mockito.MockitoContextCustomizer@0, org.springframework.boot.test.autoconfigure.properties.PropertyMappingContextCustomizer@0], resourceBasePath = 'src/main/webapp', contextLoader = 'org.springframework.boot.test.context.SpringBootContextLoader', parent = [null]]], class annotated with @DirtiesContext [false] with mode [null].
14:14:20.637 [Test worker] DEBUG org.springframework.test.annotation.ProfileValueUtils - Retrieved @ProfileValueSourceConfiguration [null] for test class [tweetMe.TweetMeApplicationTests]
14:14:20.638 [Test worker] DEBUG org.springframework.test.annotation.ProfileValueUtils - Retrieved ProfileValueSource type [class org.springframework.test.annotation.SystemProfileValueSource] for class [tweetMe.TweetMeApplicationTests]
14:14:20.692 [Test worker] DEBUG org.springframework.core.env.StandardEnvironment - Adding [systemProperties] PropertySource with lowest search precedence
14:14:20.692 [Test worker] DEBUG org.springframework.core.env.StandardEnvironment - Adding [systemEnvironment] PropertySource with lowest search precedence
14:14:20.692 [Test worker] DEBUG org.springframework.core.env.StandardEnvironment - Initialized StandardEnvironment with PropertySources [systemProperties,systemEnvironment]
14:14:20.695 [Test worker] DEBUG org.springframework.test.context.support.TestPropertySourceUtils - Adding inlined properties to environment: {spring.jmx.enabled=false, org.springframework.boot.test.context.SpringBootTestContextBootstrapper=true, server.port=-1}
14:14:20.696 [Test worker] DEBUG org.springframework.core.env.StandardEnvironment - Adding [Inlined Test Properties] PropertySource with highest search precedence

  .   ____          _            __ _ _
 /\\ / ___'_ __ _ _(_)_ __  __ _ \ \ \ \
( ( )\___ | '_ | '_| | '_ \/ _` | \ \ \ \
 \\/  ___)| |_)| | | | | || (_| |  ) ) ) )
  '  |____| .__|_| |_|_| |_\__, | / / / /
 =========|_|==============|___/=/_/_/_/
 :: Spring Boot ::        (v1.4.0.RELEASE)

2016-08-14 14:14:21.249  INFO 37845 --- [    Test worker] tweetMe.TweetMeApplicationTests          : Starting TweetMeApplicationTests on Wills-MacBook-Pro-2.local with PID 37845 (started by sokos6 in /Users/sokos6/SD/Java/Workspace/tweetMe)
2016-08-14 14:14:21.250  INFO 37845 --- [    Test worker] tweetMe.TweetMeApplicationTests          : No active profile set, falling back to default profiles: default
2016-08-14 14:14:21.327  INFO 37845 --- [    Test worker] o.s.w.c.s.GenericWebApplicationContext   : Refreshing org.springframework.web.context.support.GenericWebApplicationContext@98a1264: startup date [Sun Aug 14 14:14:21 EDT 2016]; root of context hierarchy
2016-08-14 14:14:23.291  INFO 37845 --- [    Test worker] s.w.s.m.m.a.RequestMappingHandlerAdapter : Looking for @ControllerAdvice: org.springframework.web.context.support.GenericWebApplicationContext@98a1264: startup date [Sun Aug 14 14:14:21 EDT 2016]; root of context hierarchy
2016-08-14 14:14:23.366  INFO 37845 --- [    Test worker] s.w.s.m.m.a.RequestMappingHandlerMapping : Mapped "{[/error]}" onto public org.springframework.http.ResponseEntity<java.util.Map<java.lang.String, java.lang.Object>> org.springframework.boot.autoconfigure.web.BasicErrorController.error(javax.servlet.http.HttpServletRequest)
2016-08-14 14:14:23.367  INFO 37845 --- [    Test worker] s.w.s.m.m.a.RequestMappingHandlerMapping : Mapped "{[/error],produces=[text/html]}" onto public org.springframework.web.servlet.ModelAndView org.springframework.boot.autoconfigure.web.BasicErrorController.errorHtml(javax.servlet.http.HttpServletRequest,javax.servlet.http.HttpServletResponse)
2016-08-14 14:14:23.406  INFO 37845 --- [    Test worker] o.s.w.s.handler.SimpleUrlHandlerMapping  : Mapped URL path [/webjars/**] onto handler of type [class org.springframework.web.servlet.resource.ResourceHttpRequestHandler]
2016-08-14 14:14:23.407  INFO 37845 --- [    Test worker] o.s.w.s.handler.SimpleUrlHandlerMapping  : Mapped URL path [/**] onto handler of type [class org.springframework.web.servlet.resource.ResourceHttpRequestHandler]
2016-08-14 14:14:23.476  INFO 37845 --- [    Test worker] o.s.w.s.handler.SimpleUrlHandlerMapping  : Mapped URL path [/**/favicon.ico] onto handler of type [class org.springframework.web.servlet.resource.ResourceHttpRequestHandler]
2016-08-14 14:14:23.647  INFO 37845 --- [    Test worker] tweetMe.TweetMeApplicationTests          : Started TweetMeApplicationTests in 2.928 seconds (JVM running for 4.378)
]]></system-out>
  <system-err><![CDATA[]]></system-err>
</testsuite>
